[-action=start -profile=docker -port=8168]
2023/02/05 18:14:06.732368 [INFO ] env.go:31 |profile active|docker
2023/02/05 18:14:06.741002 [INFO ] vfs.go:96 |VFS initialized|8
2023/02/05 18:14:06.806426 [ERROR] conf.go:15 |conf.json read error|open embed/env/docker/conf.json: file does not exist
2023/02/05 18:14:06.813079 [INFO ] file_watch.go:53 |start file watch processor|0
2023/02/05 18:14:06.814964 [INFO ] api.go:147 |register static public|/console|/nas2cloud/console
2023/02/05 18:14:06.814655 [INFO ] thumb.go:100 |start thumbnail process|0
2023/02/05 18:14:06.820315 [INFO ] api.go:147 |register static public|/app|/nas2cloud/app
2023/02/05 18:14:06.821549 [INFO ] api.go:152 |register static login required|/thumb|/nas2cloud/thumb
2023/02/05 18:14:06.822754 [INFO ] api.go:152 |register static login required|/assets|/nas2cloud/assets
2023/02/05 18:14:06.825057 [INFO ] api.go:147 |register static public|/client|/nas2cloud/client
2023/02/05 18:14:06.826616 [INFO ] api.go:152 |register static login required|/Family|/nas2cloud/FamilyMount
2023/02/05 18:14:06.827881 [INFO ] api.go:152 |register static login required|/userhome_zms|/nas2cloud/users/zms
2023/02/05 18:14:06.829120 [INFO ] api.go:152 |register static login required|/userhome_pmz|/nas2cloud/users/pmz

 ┌───────────────────────────────────────────────────┐ 
 │                   Fiber v2.40.1                   │ 
 │               http://127.0.0.1:8168               │ 
 │       (bound on host 0.0.0.0 and port 8168)       │ 
 │                                                   │ 
 │ Handlers ............ 30  Processes ........... 1 │ 
 │ Prefork ....... Disabled  PID ................. 8 │ 
 └───────────────────────────────────────────────────┘ 

2023/02/05 18:15:34.480309 [HTTP ] 200|    8ms|nil|GET|/app/index.html
2023/02/05 18:15:34.480309 [HTTP ] 200|   19ms|nil|GET|/app/flutter.js
2023/02/05 18:15:34.480309 [HTTP ] 200|    6ms|nil|GET|/app/main.dart.js
2023/02/05 18:15:34.480309 [HTTP ] 200|    9ms|nil|GET|/app/favicon.png
2023/02/05 18:15:34.980878 [HTTP ] 200|    5ms|nil|GET|/app/assets/FontManifest.json
2023/02/05 18:15:34.980878 [HTTP ] 200|    8ms|nil|GET|/app/assets/fonts/MaterialIcons-Regular.otf
[-action=start -profile=docker -port=8168]
2023/02/06 03:14:06.221740 [INFO ] env.go:31 |profile active|docker
2023/02/06 03:14:06.225717 [INFO ] vfs.go:96 |VFS initialized|8
2023/02/06 03:14:06.294483 [ERROR] conf.go:15 |conf.json read error|open embed/env/docker/conf.json: file does not exist
2023/02/06 03:14:06.301212 [INFO ] file_watch.go:53 |start file watch processor|0
2023/02/06 03:14:06.303329 [INFO ] api.go:147 |register static public|/console|/nas2cloud/console
2023/02/06 03:14:06.306621 [INFO ] api.go:147 |register static public|/app|/nas2cloud/app
2023/02/06 03:14:06.303395 [INFO ] thumb.go:100 |start thumbnail process|0
2023/02/06 03:14:06.308004 [INFO ] api.go:152 |register static login required|/thumb|/nas2cloud/thumb
2023/02/06 03:14:06.309842 [INFO ] api.go:152 |register static login required|/assets|/nas2cloud/assets
2023/02/06 03:14:06.310984 [INFO ] api.go:147 |register static public|/client|/nas2cloud/client
2023/02/06 03:14:06.311903 [INFO ] api.go:152 |register static login required|/Family|/nas2cloud/FamilyMount
2023/02/06 03:14:06.313080 [INFO ] api.go:152 |register static login required|/userhome_zms|/nas2cloud/users/zms
2023/02/06 03:14:06.313945 [INFO ] api.go:152 |register static login required|/userhome_pmz|/nas2cloud/users/pmz

 ┌───────────────────────────────────────────────────┐ 
 │                   Fiber v2.40.1                   │ 
 │               http://127.0.0.1:8168               │ 
 │       (bound on host 0.0.0.0 and port 8168)       │ 
 │                                                   │ 
 │ Handlers ............ 30  Processes ........... 1 │ 
 │ Prefork ....... Disabled  PID ................. 8 │ 
 └───────────────────────────────────────────────────┘ 

