  -action string
    	 (default "start")
  -port int
    	 (default 8080)
  -profile string
    	 (default "dev")
2023/01/08 15:57:05.779229 [INFO ] env.go:24 |profile active|local
2023/01/08 15:57:05.780123 [INFO ] vfs.go:87 |VFS initialized|3
2023/01/08 15:57:05.786664 [INFO ] file_watch.go:51 |start file watch processor|0
2023/01/08 15:57:05.786719 [INFO ] file_watch.go:51 |start file watch processor|1
2023/01/08 15:57:05.786778 [INFO ] file_watch.go:51 |start file watch processor|4
2023/01/08 15:57:05.786785 [INFO ] file_watch.go:51 |start file watch processor|6
2023/01/08 15:57:05.786806 [INFO ] file_watch.go:51 |start file watch processor|3
2023/01/08 15:57:05.786826 [INFO ] file_watch.go:51 |start file watch processor|5
2023/01/08 15:57:05.786841 [INFO ] file_watch.go:51 |start file watch processor|2
2023/01/08 15:57:05.786882 [INFO ] api.go:107 |register static public|/|/Users/ZMS/NAS/local/console
2023/01/08 15:57:05.786982 [INFO ] thumb.go:93 |start thumbnail process|7
2023/01/08 15:57:05.786995 [INFO ] thumb.go:93 |start thumbnail process|13
2023/01/08 15:57:05.787007 [INFO ] thumb.go:93 |start thumbnail process|16
2023/01/08 15:57:05.786987 [INFO ] thumb.go:93 |start thumbnail process|1
2023/01/08 15:57:05.786988 [INFO ] thumb.go:93 |start thumbnail process|4
2023/01/08 15:57:05.786993 [INFO ] file_watch.go:51 |start file watch processor|7
2023/01/08 15:57:05.786998 [INFO ] file_watch.go:51 |start file watch processor|8
2023/01/08 15:57:05.787003 [INFO ] file_watch.go:51 |start file watch processor|9
2023/01/08 15:57:05.787008 [INFO ] thumb.go:93 |start thumbnail process|0
2023/01/08 15:57:05.787013 [INFO ] thumb.go:93 |start thumbnail process|18
2023/01/08 15:57:05.787014 [INFO ] thumb.go:93 |start thumbnail process|8
2023/01/08 15:57:05.787018 [INFO ] thumb.go:93 |start thumbnail process|17
2023/01/08 15:57:05.787036 [INFO ] thumb.go:93 |start thumbnail process|9
2023/01/08 15:57:05.787036 [INFO ] thumb.go:93 |start thumbnail process|5
2023/01/08 15:57:05.787041 [INFO ] thumb.go:93 |start thumbnail process|10
2023/01/08 15:57:05.787041 [INFO ] thumb.go:93 |start thumbnail process|15
2023/01/08 15:57:05.787045 [INFO ] thumb.go:93 |start thumbnail process|11
2023/01/08 15:57:05.787047 [INFO ] thumb.go:93 |start thumbnail process|12
2023/01/08 15:57:05.787050 [INFO ] thumb.go:93 |start thumbnail process|19
2023/01/08 15:57:05.787060 [INFO ] thumb.go:93 |start thumbnail process|2
2023/01/08 15:57:05.787067 [INFO ] thumb.go:93 |start thumbnail process|3
2023/01/08 15:57:05.787097 [INFO ] thumb.go:93 |start thumbnail process|14
2023/01/08 15:57:05.787098 [INFO ] thumb.go:93 |start thumbnail process|6
2023/01/08 15:57:05.787444 [INFO ] api.go:110 |register static login required|/thumb|/Users/ZMS/NAS/Thumb
2023/01/08 15:57:05.787466 [INFO ] api.go:110 |register static login required|/Family|/Volumes/Y/Mount

 ┌───────────────────────────────────────────────────┐ 
 │                   Fiber v2.40.1                   │ 
 │               http://127.0.0.1:7001               │ 
 │       (bound on host 0.0.0.0 and port 7001)       │ 
 │                                                   │ 
 │ Handlers ............ 10  Processes ........... 1 │ 
 │ Prefork ....... Disabled  PID ............. 90607 │ 
 └───────────────────────────────────────────────────┘ 

15:57:51 | 405 |      0s |  192.168.31.174 | GET     | /status.php              | Method Not Allowed
16:06:20 | 405 |      0s |  192.168.31.174 | GET     | /status.php              | Method Not Allowed
2023/01/08 16:15:38.613743 [WARN ] main.go:57 |RECEIVE_TERM_SIGNAL|system will shutdown...
